# JRE version: OpenJDK Runtime Environment (11.0.12+7) (build 11.0.12+7-b1504.28-7817840)
# Java VM: OpenJDK 64-Bit Server VM (11.0.12+7-b1504.28-7817840, mixed mode, tiered, compressed oops, g1 gc, windows-amd64)
Heap:
 garbage-first heap   total 276480K, used 169049K [0x0000000080000000, 0x0000000100000000)
  region size 1024K, 1 young (1024K), 1 survivors (1024K)
 Metaspace       used 111685K, capacity 114607K, committed 114852K, reserved 1148928K
  class space    used 14249K, capacity 15352K, committed 15436K, reserved 1048576K
GC Heap History (20 events):
Event: 87.966 GC heap after
{Heap after GC invocations=58 (full 0):
 garbage-first heap   total 167936K, used 137864K [0x0000000080000000, 0x0000000100000000)
  region size 1024K, 2 young (2048K), 2 survivors (2048K)
 Metaspace       used 111099K, capacity 113895K, committed 114212K, reserved 1148928K
  class space    used 14178K, capacity 15242K, committed 15308K, reserved 1048576K
}
Event: 88.061 GC heap before
{Heap before GC invocations=58 (full 0):
 garbage-first heap   total 167936K, used 144008K [0x0000000080000000, 0x0000000100000000)
  region size 1024K, 8 young (8192K), 2 survivors (2048K)
 Metaspace       used 111099K, capacity 113895K, committed 114212K, reserved 1148928K
  class space    used 14178K, capacity 15242K, committed 15308K, reserved 1048576K
}
Event: 88.076 GC heap after
{Heap after GC invocations=59 (full 0):
 garbage-first heap   total 167936K, used 140576K [0x0000000080000000, 0x0000000100000000)
  region size 1024K, 1 young (1024K), 1 survivors (1024K)
 Metaspace       used 111099K, capacity 113895K, committed 114212K, reserved 1148928K
  class space    used 14178K, capacity 15242K, committed 15308K, reserved 1048576K
}
Event: 88.263 GC heap before
{Heap before GC invocations=59 (full 0):
 garbage-first heap   total 167936K, used 148768K [0x0000000080000000, 0x0000000100000000)
  region size 1024K, 8 young (8192K), 1 survivors (1024K)
 Metaspace       used 111516K, capacity 114402K, committed 114596K, reserved 1148928K
  class space    used 14249K, capacity 15352K, committed 15436K, reserved 1048576K
}
Event: 88.274 GC heap after
{Heap after GC invocations=60 (full 0):
 garbage-first heap   total 167936K, used 145198K [0x0000000080000000, 0x0000000100000000)
  region size 1024K, 1 young (1024K), 1 survivors (1024K)
 Metaspace       used 111516K, capacity 114402K, committed 114596K, reserved 1148928K
  class space    used 14249K, capacity 15352K, committed 15436K, reserved 1048576K
}
Event: 88.379 GC heap before
{Heap before GC invocations=60 (full 0):
 garbage-first heap   total 167936K, used 152366K [0x0000000080000000, 0x0000000100000000)
  region size 1024K, 8 young (8192K), 1 survivors (1024K)
 Metaspace       used 111564K, capacity 114469K, committed 114596K, reserved 1148928K
  class space    used 14249K, capacity 15352K, committed 15436K, reserved 1048576K
}
Event: 88.391 GC heap after
{Heap after GC invocations=61 (full 0):
 garbage-first heap   total 167936K, used 149019K [0x0000000080000000, 0x0000000100000000)
  region size 1024K, 1 young (1024K), 1 survivors (1024K)
 Metaspace       used 111564K, capacity 114469K, committed 114596K, reserved 1148928K
  class space    used 14249K, capacity 15352K, committed 15436K, reserved 1048576K
}
Event: 88.446 GC heap before
{Heap before GC invocations=61 (full 0):
 garbage-first heap   total 167936K, used 156187K [0x0000000080000000, 0x0000000100000000)
  region size 1024K, 8 young (8192K), 1 survivors (1024K)
 Metaspace       used 111630K, capacity 114536K, committed 114852K, reserved 1148928K
  class space    used 14249K, capacity 15352K, committed 15436K, reserved 1048576K
}
Event: 88.456 GC heap after
{Heap after GC invocations=62 (full 0):
 garbage-first heap   total 167936K, used 152742K [0x0000000080000000, 0x0000000100000000)
  region size 1024K, 1 young (1024K), 1 survivors (1024K)
 Metaspace       used 111630K, capacity 114536K, committed 114852K, reserved 1148928K
  class space    used 14249K, capacity 15352K, committed 15436K, reserved 1048576K
}
Event: 88.496 GC heap before
{Heap before GC invocations=63 (full 0):
 garbage-first heap   total 167936K, used 159910K [0x0000000080000000, 0x0000000100000000)
  region size 1024K, 8 young (8192K), 1 survivors (1024K)
 Metaspace       used 111660K, capacity 114541K, committed 114852K, reserved 1148928K
  class space    used 14249K, capacity 15352K, committed 15436K, reserved 1048576K
}
Event: 88.508 GC heap after
{Heap after GC invocations=64 (full 0):
 garbage-first heap   total 167936K, used 156844K [0x0000000080000000, 0x0000000100000000)
  region size 1024K, 1 young (1024K), 1 survivors (1024K)
 Metaspace       used 111660K, capacity 114541K, committed 114852K, reserved 1148928K
  class space    used 14249K, capacity 15352K, committed 15436K, reserved 1048576K
}
Event: 88.535 GC heap before
{Heap before GC invocations=64 (full 0):
 garbage-first heap   total 167936K, used 164012K [0x0000000080000000, 0x0000000100000000)
  region size 1024K, 8 young (8192K), 1 survivors (1024K)
 Metaspace       used 111664K, capacity 114541K, committed 114852K, reserved 1148928K
  class space    used 14249K, capacity 15352K, committed 15436K, reserved 1048576K
}
Event: 88.548 GC heap after
{Heap after GC invocations=65 (full 0):
 garbage-first heap   total 171008K, used 153382K [0x0000000080000000, 0x0000000100000000)
  region size 1024K, 1 young (1024K), 1 survivors (1024K)
 Metaspace       used 111664K, capacity 114541K, committed 114852K, reserved 1148928K
  class space    used 14249K, capacity 15352K, committed 15436K, reserved 1048576K
}
Event: 88.576 GC heap before
{Heap before GC invocations=65 (full 0):
 garbage-first heap   total 171008K, used 160550K [0x0000000080000000, 0x0000000100000000)
  region size 1024K, 8 young (8192K), 1 survivors (1024K)
 Metaspace       used 111672K, capacity 114541K, committed 114852K, reserved 1148928K
  class space    used 14249K, capacity 15352K, committed 15436K, reserved 1048576K
}
Event: 88.585 GC heap after
{Heap after GC invocations=66 (full 0):
 garbage-first heap   total 171008K, used 157279K [0x0000000080000000, 0x0000000100000000)
  region size 1024K, 1 young (1024K), 1 survivors (1024K)
 Metaspace       used 111672K, capacity 114541K, committed 114852K, reserved 1148928K
  class space    used 14249K, capacity 15352K, committed 15436K, reserved 1048576K
}
Event: 88.622 GC heap before
{Heap before GC invocations=66 (full 0):
 garbage-first heap   total 171008K, used 164447K [0x0000000080000000, 0x0000000100000000)
  region size 1024K, 8 young (8192K), 1 survivors (1024K)
 Metaspace       used 111676K, capacity 114542K, committed 114852K, reserved 1148928K
  class space    used 14249K, capacity 15352K, committed 15436K, reserved 1048576K
}
Event: 88.629 GC heap after
{Heap after GC invocations=67 (full 0):
 garbage-first heap   total 171008K, used 161345K [0x0000000080000000, 0x0000000100000000)
  region size 1024K, 1 young (1024K), 1 survivors (1024K)
 Metaspace       used 111676K, capacity 114542K, committed 114852K, reserved 1148928K
  class space    used 14249K, capacity 15352K, committed 15436K, reserved 1048576K
}
Event: 88.670 GC heap before
{Heap before GC invocations=67 (full 0):
 garbage-first heap   total 171008K, used 168513K [0x0000000080000000, 0x0000000100000000)
  region size 1024K, 8 young (8192K), 1 survivors (1024K)
 Metaspace       used 111683K, capacity 114607K, committed 114852K, reserved 1148928K
  class space    used 14249K, capacity 15352K, committed 15436K, reserved 1048576K
}
Event: 88.678 GC heap after
{Heap after GC invocations=68 (full 0):
 garbage-first heap   total 174080K, used 165226K [0x0000000080000000, 0x0000000100000000)
  region size 1024K, 1 young (1024K), 1 survivors (1024K)
 Metaspace       used 111683K, capacity 114607K, committed 114852K, reserved 1148928K
  class space    used 14249K, capacity 15352K, committed 15436K, reserved 1048576K
}
Event: 88.713 GC heap before
{Heap before GC invocations=68 (full 0):
 garbage-first heap   total 174080K, used 172394K [0x0000000080000000, 0x0000000100000000)
  region size 1024K, 8 young (8192K), 1 survivors (1024K)
 Metaspace       used 111685K, capacity 114607K, committed 114852K, reserved 1148928K
  class space    used 14249K, capacity 15352K, committed 15436K, reserved 1048576K
}

